<?xml version="1.0" encoding="utf-8"?><testsuites><testsuite name="pytest" errors="0" failures="0" skipped="0" tests="6" time="0.131" timestamp="2023-08-20T21:55:50.811024" hostname="strix-x570"><testcase classname="tests.test_github_api" name="test_github_api_get_release_info" time="0.001" /><testcase classname="tests.test_github_api" name="test_github_api_download_should_raise_when_more_than_one_is_matched" time="0.053" /><testcase classname="tests.test_main" name="test_http_client" time="0.000" /><testcase classname="tests.test_network" name="test_http_client_get" time="0.001" /><testcase classname="tests.test_network" name="test_http_client_get_download" time="0.002" /><testcase classname="tests.test_network" name="test_http_client_post" time="0.001" /></testsuite></testsuites>